외교부 여행경보 API 요청 중...
응답 상태 코드: 200
기존 알림 업데이트: 가나 (GH)
기존 알림 업데이트: 가봉 (GA)
기존 알림 업데이트: 가이아나 (GY)
기존 알림 업데이트: 감비아 (GM)
기존 알림 업데이트: 과테말라 (GT)
기존 알림 업데이트: 그리스 (GR)
기존 알림 업데이트: 기니 (GN)
기존 알림 업데이트: 기니비사우 (GW)
기존 알림 업데이트: 나우루 (NR)
기존 알림 업데이트: 나이지리아 (NG)
기존 알림 업데이트: 나이지리아 (NG)
기존 알림 업데이트: 남수단 (SS)
기존 알림 업데이트: 네팔연방 (NP)
기존 알림 업데이트: 니제르 (NE)
기존 알림 업데이트: 니카라과 (NI)
기존 알림 업데이트: 덴마크 (DK)
기존 알림 업데이트: 도미니카공화국 (DO)
기존 알림 업데이트: 동티모르 (TL)
기존 알림 업데이트: 라오스 (LA)
기존 알림 업데이트: 라오스 (LA)
기존 알림 업데이트: 라이베리아 (LR)
기존 알림 업데이트: 러시아 (RU)
기존 알림 업데이트: 러시아 (RU)
기존 알림 업데이트: 레바논 (LB)
기존 알림 업데이트: 레바논 (LB)
기존 알림 업데이트: 레소토 (LS)
기존 알림 업데이트: 루마니아 (RO)
기존 알림 업데이트: 르완다 (RW)
기존 알림 업데이트: 르완다 (RW)
기존 알림 업데이트: 리비아 (LY)
기존 알림 업데이트: 리투아니아 (LT)
기존 알림 업데이트: 리히텐슈타인 (LI)
기존 알림 업데이트: 마다가스카르 (MG)
기존 알림 업데이트: 마셜제도 (MH)
기존 알림 업데이트: 마이크로네시아연방 (FM)
기존 알림 업데이트: 말라위 (MW)
기존 알림 업데이트: 말레이시아 (MY)
기존 알림 업데이트: 말레이시아 (MY)
기존 알림 업데이트: 말리 (ML)
기존 알림 업데이트: 멕시코 (MX)
기존 알림 업데이트: 멕시코 (MX)
기존 알림 업데이트: 모로코 (MA)
기존 알림 업데이트: 모로코 (MA)
기존 알림 업데이트: 모로코 (MA)
기존 알림 업데이트: 모리타니아 (MR)
기존 알림 업데이트: 모리타니아 (MR)
기존 알림 업데이트: 모잠비크 (MZ)
기존 알림 업데이트: 모잠비크 (MZ)
기존 알림 업데이트: 몰디브 (MV)
기존 알림 업데이트: 몰타 (MT)
기존 알림 업데이트: 몽골 (MN)
기존 알림 업데이트: 미얀마 (MM)
기존 알림 업데이트: 미얀마 (MM)
기존 알림 업데이트: 미합중국 (US)
기존 알림 업데이트: 바누아투 (VU)
기존 알림 업데이트: 바레인 (BH)
기존 알림 업데이트: 방글라데시 (BD)
기존 알림 업데이트: 방글라데시 (BD)
기존 알림 업데이트: 베냉 (BJ)
기존 알림 업데이트: 베냉 (BJ)
기존 알림 업데이트: 베네수엘라볼리바르 (VE)
기존 알림 업데이트: 베트남 (VN)
기존 알림 업데이트: 벨기에 (BE)
기존 알림 업데이트: 벨라루스 (BY)
기존 알림 업데이트: 벨라루스 (BY)
기존 알림 업데이트: 벨리즈 (BZ)
기존 알림 업데이트: 보스니아헤르체고비나 (BA)
기존 알림 업데이트: 보츠와나 (BW)
기존 알림 업데이트: 볼리비아 (BO)
기존 알림 업데이트: 볼리비아 (BO)
기존 알림 업데이트: 부룬디 (BI)
기존 알림 업데이트: 부룬디 (BI)
기존 알림 업데이트: 부르키나파소 (BF)
기존 알림 업데이트: 부르키나파소 (BF)
기존 알림 업데이트: 부탄 (BT)
기존 알림 업데이트: 브라질 (BR)
기존 알림 업데이트: 사우디아라비아 (SA)
기존 알림 업데이트: 사우디아라비아 (SA)
기존 알림 업데이트: 사이프러스 (CY)
기존 알림 업데이트: 사이프러스 (CY)
기존 알림 업데이트: 사이프러스 (CY)
기존 알림 업데이트: 산마리노 (SM)
기존 알림 업데이트: 상투메프린시페 (ST)
기존 알림 업데이트: 세네갈 (SN)
기존 알림 업데이트: 소말리아 (SO)
기존 알림 업데이트: 솔로몬제도 (SB)
기존 알림 업데이트: 수단 (SD)
기존 알림 업데이트: 수리남 (SR)
기존 알림 업데이트: 스리랑카 (LK)
기존 알림 업데이트: 스위스 (CH)
기존 알림 업데이트: 스페인 (ES)
기존 알림 업데이트: 슬로베니아 (SI)
기존 알림 업데이트: 시리아 (SY)
기존 알림 업데이트: 시에라리온 (SL)
기존 알림 업데이트: 아르메니아 (AM)
기존 알림 업데이트: 아르메니아 (AM)
기존 알림 업데이트: 아르메니아 (AM)
기존 알림 업데이트: 아르헨티나 (AR)
기존 알림 업데이트: 아이슬란드 (IS)
기존 알림 업데이트: 아이티 (HT)
기존 알림 업데이트: 아제르바이잔 (AZ)
기존 알림 업데이트: 아제르바이잔 (AZ)
기존 알림 업데이트: 아제르바이잔 (AZ)
기존 알림 업데이트: 아프가니스탄 (AF)
기존 알림 업데이트: 알바니아 (AL)
기존 알림 업데이트: 알제리 (DZ)
기존 알림 업데이트: 알제리 (DZ)
기존 알림 업데이트: 앙골라 (AO)
기존 알림 업데이트: 에리트레아 (ER)
기존 알림 업데이트: 에리트레아 (ER)
기존 알림 업데이트: 에콰도르 (EC)
기존 알림 업데이트: 에콰도르 (EC)
기존 알림 업데이트: 에티오피아 (ET)
기존 알림 업데이트: 에티오피아 (ET)
기존 알림 업데이트: 영국 (GB)
기존 알림 업데이트: 예멘 (YE)
기존 알림 업데이트: 오스트리아 (AT)
기존 알림 업데이트: 온두라스 (HN)
기존 알림 업데이트: 요르단 (JO)
기존 알림 업데이트: 요르단 (JO)
기존 알림 업데이트: 우간다 (UG)
기존 알림 업데이트: 우크라이나 (UA)
기존 알림 업데이트: 이라크 (IQ)
기존 알림 업데이트: 이란 (IR)
기존 알림 업데이트: 이란 (IR)
기존 알림 업데이트: 이스라엘 (IL)
기존 알림 업데이트: 이스라엘 (IL)
기존 알림 업데이트: 이스라엘 (IL)
기존 알림 업데이트: 이집트 (EG)
기존 알림 업데이트: 이집트 (EG)
기존 알림 업데이트: 이집트 (EG)
기존 알림 업데이트: 이탈리아 (IT)
기존 알림 업데이트: 인도 (IN)
기존 알림 업데이트: 인도 (IN)
기존 알림 업데이트: 인도네시아 (ID)
기존 알림 업데이트: 인도네시아 (ID)
기존 알림 업데이트: 일본 (JP)
기존 알림 업데이트: 자메이카 (JM)
기존 알림 업데이트: 자메이카 (JM)
기존 알림 업데이트: 잠비아 (ZM)
기존 알림 업데이트: 적도기니 (GQ)
기존 알림 업데이트: 조지아 (GE)
기존 알림 업데이트: 조지아 (GE)
기존 알림 업데이트: 중국 (CN)
기존 알림 업데이트: 중앙아프리카 (CF)
기존 알림 업데이트: 지부티 (DJ)
기존 알림 업데이트: 지부티 (DJ)
기존 알림 업데이트: 짐바브웨 (ZW)
기존 알림 업데이트: 차드 (TD)
기존 알림 업데이트: 칠레 (CL)
기존 알림 업데이트: 카메룬 (CM)
기존 알림 업데이트: 카메룬 (CM)
기존 알림 업데이트: 캄보디아 (KH)
기존 알림 업데이트: 케냐 (KE)
기존 알림 업데이트: 케냐 (KE)
기존 알림 업데이트: 코모로 (KM)
기존 알림 업데이트: 코소보 (XK)
기존 알림 업데이트: 코소보 (XK)
기존 알림 업데이트: 코스타리카 (CR)
기존 알림 업데이트: 코트디부아르 (CI)
기존 알림 업데이트: 코트디부아르 (CI)
기존 알림 업데이트: 콜롬비아 (CO)
기존 알림 업데이트: 콜롬비아 (CO)
기존 알림 업데이트: 콩고 (CG)
기존 알림 업데이트: 콩고민주공화국 (CD)
기존 알림 업데이트: 콩고민주공화국 (CD)
기존 알림 업데이트: 쿠웨이트 (KW)
기존 알림 업데이트: 쿠웨이트 (KW)
기존 알림 업데이트: 키리바시 (KI)
기존 알림 업데이트: 타지키스탄 (TJ)
기존 알림 업데이트: 타지키스탄 (TJ)
기존 알림 업데이트: 탄자니아 (TZ)
기존 알림 업데이트: 탄자니아 (TZ)
기존 알림 업데이트: 태국 (TH)
기존 알림 업데이트: 태국 (TH)
기존 알림 업데이트: 태국 (TH)
기존 알림 업데이트: 토고 (TG)
기존 알림 업데이트: 투르크메니스탄 (TM)
기존 알림 업데이트: 튀니지 (TN)
기존 알림 업데이트: 튀니지 (TN)
기존 알림 업데이트: 튀니지 (TN)
기존 알림 업데이트: 튀르키예공화국 (TR)
기존 알림 업데이트: 튀르키예공화국 (TR)
기존 알림 업데이트: 트리니다드토바고 (TT)
기존 알림 업데이트: 파나마 (PA)
기존 알림 업데이트: 파나마 (PA)
기존 알림 업데이트: 파라과이 (PY)
기존 알림 업데이트: 파키스탄 (PK)
기존 알림 업데이트: 파키스탄 (PK)
기존 알림 업데이트: 파푸아뉴기니 (PG)
기존 알림 업데이트: 파푸아뉴기니 (PG)
기존 알림 업데이트: 팔레스타인 (PS)
기존 알림 업데이트: 팔레스타인 (PS)
기존 알림 업데이트: 팔레스타인 (PS)
기존 알림 업데이트: 페루 (PE)
기존 알림 업데이트: 페루 (PE)
기존 알림 업데이트: 폴란드 (PL)
기존 알림 업데이트: 폴란드 (PL)
기존 알림 업데이트: 프랑스 (FR)
기존 알림 업데이트: 피지 (FJ)
완료!
외교부 여행경보 API 요청 중...
응답 상태 코드: 200
기존 알림 업데이트: 가나 (GH)
기존 알림 업데이트: 가봉 (GA)
기존 알림 업데이트: 가이아나 (GY)
기존 알림 업데이트: 감비아 (GM)
기존 알림 업데이트: 과테말라 (GT)
기존 알림 업데이트: 그리스 (GR)
기존 알림 업데이트: 기니 (GN)
기존 알림 업데이트: 기니비사우 (GW)
기존 알림 업데이트: 나우루 (NR)
기존 알림 업데이트: 나이지리아 (NG)
기존 알림 업데이트: 나이지리아 (NG)
기존 알림 업데이트: 남수단 (SS)
기존 알림 업데이트: 네팔연방 (NP)
기존 알림 업데이트: 니제르 (NE)
기존 알림 업데이트: 니카라과 (NI)
기존 알림 업데이트: 덴마크 (DK)
기존 알림 업데이트: 도미니카공화국 (DO)
기존 알림 업데이트: 동티모르 (TL)
기존 알림 업데이트: 라오스 (LA)
기존 알림 업데이트: 라오스 (LA)
기존 알림 업데이트: 라이베리아 (LR)
기존 알림 업데이트: 러시아 (RU)
기존 알림 업데이트: 러시아 (RU)
기존 알림 업데이트: 레바논 (LB)
기존 알림 업데이트: 레바논 (LB)
기존 알림 업데이트: 레소토 (LS)
기존 알림 업데이트: 루마니아 (RO)
기존 알림 업데이트: 르완다 (RW)
기존 알림 업데이트: 르완다 (RW)
기존 알림 업데이트: 리비아 (LY)
기존 알림 업데이트: 리투아니아 (LT)
기존 알림 업데이트: 리히텐슈타인 (LI)
기존 알림 업데이트: 마다가스카르 (MG)
기존 알림 업데이트: 마셜제도 (MH)
기존 알림 업데이트: 마이크로네시아연방 (FM)
기존 알림 업데이트: 말라위 (MW)
기존 알림 업데이트: 말레이시아 (MY)
기존 알림 업데이트: 말레이시아 (MY)
기존 알림 업데이트: 말리 (ML)
기존 알림 업데이트: 멕시코 (MX)
기존 알림 업데이트: 멕시코 (MX)
기존 알림 업데이트: 모로코 (MA)
기존 알림 업데이트: 모로코 (MA)
기존 알림 업데이트: 모로코 (MA)
기존 알림 업데이트: 모리타니아 (MR)
기존 알림 업데이트: 모리타니아 (MR)
기존 알림 업데이트: 모잠비크 (MZ)
기존 알림 업데이트: 모잠비크 (MZ)
기존 알림 업데이트: 몰디브 (MV)
기존 알림 업데이트: 몰타 (MT)
기존 알림 업데이트: 몽골 (MN)
기존 알림 업데이트: 미얀마 (MM)
기존 알림 업데이트: 미얀마 (MM)
기존 알림 업데이트: 미합중국 (US)
기존 알림 업데이트: 바누아투 (VU)
기존 알림 업데이트: 바레인 (BH)
기존 알림 업데이트: 방글라데시 (BD)
기존 알림 업데이트: 방글라데시 (BD)
기존 알림 업데이트: 베냉 (BJ)
기존 알림 업데이트: 베냉 (BJ)
기존 알림 업데이트: 베네수엘라볼리바르 (VE)
기존 알림 업데이트: 베트남 (VN)
기존 알림 업데이트: 벨기에 (BE)
기존 알림 업데이트: 벨라루스 (BY)
기존 알림 업데이트: 벨라루스 (BY)
기존 알림 업데이트: 벨리즈 (BZ)
기존 알림 업데이트: 보스니아헤르체고비나 (BA)
기존 알림 업데이트: 보츠와나 (BW)
기존 알림 업데이트: 볼리비아 (BO)
기존 알림 업데이트: 볼리비아 (BO)
기존 알림 업데이트: 부룬디 (BI)
기존 알림 업데이트: 부룬디 (BI)
기존 알림 업데이트: 부르키나파소 (BF)
기존 알림 업데이트: 부르키나파소 (BF)
기존 알림 업데이트: 부탄 (BT)
기존 알림 업데이트: 브라질 (BR)
기존 알림 업데이트: 사우디아라비아 (SA)
기존 알림 업데이트: 사우디아라비아 (SA)
기존 알림 업데이트: 사이프러스 (CY)
기존 알림 업데이트: 사이프러스 (CY)
기존 알림 업데이트: 사이프러스 (CY)
기존 알림 업데이트: 산마리노 (SM)
기존 알림 업데이트: 상투메프린시페 (ST)
기존 알림 업데이트: 세네갈 (SN)
기존 알림 업데이트: 소말리아 (SO)
기존 알림 업데이트: 솔로몬제도 (SB)
기존 알림 업데이트: 수단 (SD)
기존 알림 업데이트: 수리남 (SR)
기존 알림 업데이트: 스리랑카 (LK)
기존 알림 업데이트: 스위스 (CH)
기존 알림 업데이트: 스페인 (ES)
기존 알림 업데이트: 슬로베니아 (SI)
기존 알림 업데이트: 시리아 (SY)
기존 알림 업데이트: 시에라리온 (SL)
기존 알림 업데이트: 아르메니아 (AM)
기존 알림 업데이트: 아르메니아 (AM)
기존 알림 업데이트: 아르메니아 (AM)
기존 알림 업데이트: 아르헨티나 (AR)
기존 알림 업데이트: 아이슬란드 (IS)
기존 알림 업데이트: 아이티 (HT)
기존 알림 업데이트: 아제르바이잔 (AZ)
기존 알림 업데이트: 아제르바이잔 (AZ)
기존 알림 업데이트: 아제르바이잔 (AZ)
기존 알림 업데이트: 아프가니스탄 (AF)
기존 알림 업데이트: 알바니아 (AL)
기존 알림 업데이트: 알제리 (DZ)
기존 알림 업데이트: 알제리 (DZ)
기존 알림 업데이트: 앙골라 (AO)
기존 알림 업데이트: 에리트레아 (ER)
기존 알림 업데이트: 에리트레아 (ER)
기존 알림 업데이트: 에콰도르 (EC)
기존 알림 업데이트: 에콰도르 (EC)
기존 알림 업데이트: 에티오피아 (ET)
기존 알림 업데이트: 에티오피아 (ET)
기존 알림 업데이트: 영국 (GB)
기존 알림 업데이트: 예멘 (YE)
기존 알림 업데이트: 오스트리아 (AT)
기존 알림 업데이트: 온두라스 (HN)
기존 알림 업데이트: 요르단 (JO)
기존 알림 업데이트: 요르단 (JO)
기존 알림 업데이트: 우간다 (UG)
기존 알림 업데이트: 우크라이나 (UA)
기존 알림 업데이트: 이라크 (IQ)
기존 알림 업데이트: 이란 (IR)
기존 알림 업데이트: 이란 (IR)
기존 알림 업데이트: 이스라엘 (IL)
기존 알림 업데이트: 이스라엘 (IL)
기존 알림 업데이트: 이스라엘 (IL)
기존 알림 업데이트: 이집트 (EG)
기존 알림 업데이트: 이집트 (EG)
기존 알림 업데이트: 이집트 (EG)
기존 알림 업데이트: 이탈리아 (IT)
기존 알림 업데이트: 인도 (IN)
기존 알림 업데이트: 인도 (IN)
기존 알림 업데이트: 인도네시아 (ID)
기존 알림 업데이트: 인도네시아 (ID)
기존 알림 업데이트: 일본 (JP)
기존 알림 업데이트: 자메이카 (JM)
기존 알림 업데이트: 자메이카 (JM)
기존 알림 업데이트: 잠비아 (ZM)
기존 알림 업데이트: 적도기니 (GQ)
기존 알림 업데이트: 조지아 (GE)
기존 알림 업데이트: 조지아 (GE)
기존 알림 업데이트: 중국 (CN)
기존 알림 업데이트: 중앙아프리카 (CF)
기존 알림 업데이트: 지부티 (DJ)
기존 알림 업데이트: 지부티 (DJ)
기존 알림 업데이트: 짐바브웨 (ZW)
기존 알림 업데이트: 차드 (TD)
기존 알림 업데이트: 칠레 (CL)
기존 알림 업데이트: 카메룬 (CM)
기존 알림 업데이트: 카메룬 (CM)
기존 알림 업데이트: 캄보디아 (KH)
기존 알림 업데이트: 케냐 (KE)
기존 알림 업데이트: 케냐 (KE)
기존 알림 업데이트: 코모로 (KM)
기존 알림 업데이트: 코소보 (XK)
기존 알림 업데이트: 코소보 (XK)
기존 알림 업데이트: 코스타리카 (CR)
기존 알림 업데이트: 코트디부아르 (CI)
기존 알림 업데이트: 코트디부아르 (CI)
기존 알림 업데이트: 콜롬비아 (CO)
기존 알림 업데이트: 콜롬비아 (CO)
기존 알림 업데이트: 콩고 (CG)
기존 알림 업데이트: 콩고민주공화국 (CD)
기존 알림 업데이트: 콩고민주공화국 (CD)
기존 알림 업데이트: 쿠웨이트 (KW)
기존 알림 업데이트: 쿠웨이트 (KW)
기존 알림 업데이트: 키리바시 (KI)
기존 알림 업데이트: 타지키스탄 (TJ)
기존 알림 업데이트: 타지키스탄 (TJ)
기존 알림 업데이트: 탄자니아 (TZ)
기존 알림 업데이트: 탄자니아 (TZ)
기존 알림 업데이트: 태국 (TH)
기존 알림 업데이트: 태국 (TH)
기존 알림 업데이트: 태국 (TH)
기존 알림 업데이트: 토고 (TG)
기존 알림 업데이트: 투르크메니스탄 (TM)
기존 알림 업데이트: 튀니지 (TN)
기존 알림 업데이트: 튀니지 (TN)
기존 알림 업데이트: 튀니지 (TN)
기존 알림 업데이트: 튀르키예공화국 (TR)
기존 알림 업데이트: 튀르키예공화국 (TR)
기존 알림 업데이트: 트리니다드토바고 (TT)
기존 알림 업데이트: 파나마 (PA)
기존 알림 업데이트: 파나마 (PA)
기존 알림 업데이트: 파라과이 (PY)
기존 알림 업데이트: 파키스탄 (PK)
기존 알림 업데이트: 파키스탄 (PK)
기존 알림 업데이트: 파푸아뉴기니 (PG)
기존 알림 업데이트: 파푸아뉴기니 (PG)
기존 알림 업데이트: 팔레스타인 (PS)
기존 알림 업데이트: 팔레스타인 (PS)
기존 알림 업데이트: 팔레스타인 (PS)
기존 알림 업데이트: 페루 (PE)
기존 알림 업데이트: 페루 (PE)
기존 알림 업데이트: 폴란드 (PL)
기존 알림 업데이트: 폴란드 (PL)
기존 알림 업데이트: 프랑스 (FR)
기존 알림 업데이트: 피지 (FJ)
완료!
Traceback (most recent call last):
  File "C:\TripGuard\backend\manage.py", line 22, in <module>
    main()
  File "C:\TripGuard\backend\manage.py", line 18, in main
    execute_from_command_line(sys.argv)
  File "C:\Users\양보윤\AppData\Local\Programs\Python\Python312\Lib\site-packages\django\core\management\__init__.py", line 442, in execute_from_command_line
    utility.execute()
  File "C:\Users\양보윤\AppData\Local\Programs\Python\Python312\Lib\site-packages\django\core\management\__init__.py", line 416, in execute
    django.setup()
  File "C:\Users\양보윤\AppData\Local\Programs\Python\Python312\Lib\site-packages\django\__init__.py", line 24, in setup
    apps.populate(settings.INSTALLED_APPS)
  File "C:\Users\양보윤\AppData\Local\Programs\Python\Python312\Lib\site-packages\django\apps\registry.py", line 91, in populate
    app_config = AppConfig.create(entry)
                 ^^^^^^^^^^^^^^^^^^^^^^^
  File "C:\Users\양보윤\AppData\Local\Programs\Python\Python312\Lib\site-packages\django\apps\config.py", line 193, in create
    import_module(entry)
  File "C:\Users\양보윤\AppData\Local\Programs\Python\Python312\Lib\importlib\__init__.py", line 90, in import_module
    return _bootstrap._gcd_import(name[level:], package, level)
           ^^^^^^^^^^^^^^^^^^^^^^^^^^^^^^^^^^^^^^^^^^^^^^^^^^^^
  File "<frozen importlib._bootstrap>", line 1387, in _gcd_import
  File "<frozen importlib._bootstrap>", line 1360, in _find_and_load
  File "<frozen importlib._bootstrap>", line 1324, in _find_and_load_unlocked
ModuleNotFoundError: No module named 'rest_framework'
